** Message: 09:50:09.120: environement.vala:58: Exporting primary_variable
** Message: 09:50:09.121: environement.vala:59: desktop_environnement XDG_CURRENT_DESKTOP
** Message: 09:50:09.122: environement.vala:150: confir_dirs is null, export : /etc/xdg
** Message: 09:50:09.122: environement.vala:184: Exporting XDG_CONFIG_DIRS
** Message: 09:50:09.123: environement.vala:218: custom_data :
** Message: 09:50:09.123: environement.vala:219: data_dirs :/usr/share/fkms:/usr/local/share:/usr/share/raspi-ui-overrides:/usr/share:/usr/share/gdm:/var/lib/menu-xdg
** Message: 09:50:09.124: environement.vala:220: data_dirs not null, export : /usr/share/fkms:/usr/local/share:/usr/share/raspi-ui-overrides:/usr/share:/usr/share/gdm:/var/lib/menu-xdg
** Message: 09:50:09.124: environement.vala:225: Exporting XDG_DATA_DIRS
** Message: 09:50:09.138: utils.vala:138: Config system location : /etc/xdg/lxsession/LXDE-pi
** Message: 09:50:09.140: utils.vala:144: System system path location : /etc/xdg/lxsession/LXDE-pi/desktop.conf
** Message: 09:50:09.141: utils.vala:148: Final file used : /etc/xdg/lxsession/LXDE-pi/desktop.conf
** Message: 09:50:09.141: utils.vala:39: Config system location : /etc/xdg/lxsession/LXDE-pi
** Message: 09:50:09.142: utils.vala:45: System system path location : /etc/xdg/lxsession/LXDE-pi/desktop.conf

** (lxsession:524): WARNING **: 09:50:09.159: utils.vala:70: No such file or directory
** Message: 09:50:09.160: settings.vala:540: Key file does not have key “iGtk/ColorScheme” in group “GTK”
** Message: 09:50:09.160: settings.vala:540: Key file does not have key “windows_manager/command” in group “Session”
** Message: 09:50:09.161: settings.vala:540: Key file does not have key “panel/command” in group “Session”
** Message: 09:50:09.162: settings.vala:540: Key file does not have key “dock/command” in group “Session”
** Message: 09:50:09.162: settings.vala:540: Key file does not have key “file_manager/command” in group “Session”
** Message: 09:50:09.163: settings.vala:540: Key file does not have key “desktop_manager/command” in group “Session”
** Message: 09:50:09.163: settings.vala:540: Key file does not have key “launcher_manager/autostart” in group “Session”
** Message: 09:50:09.164: settings.vala:540: Key file does not have key “composite_manager/command” in group “Session”
** Message: 09:50:09.165: settings.vala:540: Key file does not have key “im1/command” in group “Session”
** Message: 09:50:09.165: settings.vala:540: Key file does not have key “im2/command” in group “Session”
** Message: 09:50:09.172: settings.vala:540: Key file does not have key “widget1/command” in group “Session”
** Message: 09:50:09.173: settings.vala:540: Key file does not have key “notification/command” in group “Session”
** Message: 09:50:09.173: settings.vala:540: Key file does not have key “keybindings/command” in group “Session”
** Message: 09:50:09.174: settings.vala:540: Key file does not have key “im_manager/command” in group “Session”
** Message: 09:50:09.175: settings.vala:540: Key file does not have key “screensaver/command” in group “Session”
** Message: 09:50:09.175: settings.vala:540: Key file does not have key “power_manager/command” in group “Session”
** Message: 09:50:09.186: settings.vala:540: Key file does not have key “audio_manager/command” in group “Session”
** Message: 09:50:09.188: settings.vala:540: Key file does not have key “workspace_manager/command” in group “Session”
** Message: 09:50:09.188: settings.vala:540: Key file does not have key “screenshot_manager/command” in group “Session”
** Message: 09:50:09.189: settings.vala:540: Key file does not have key “message_manager/command” in group “Session”
** Message: 09:50:09.190: settings.vala:540: Key file does not have key “upgrade_manager/command” in group “Session”
** Message: 09:50:09.191: settings.vala:540: Key file does not have key “updates_manager/command” in group “Session”
** Message: 09:50:09.191: settings.vala:540: Key file does not have key “updates_manager/timeout” in group “Session”
** Message: 09:50:09.192: settings.vala:540: Key file does not have key “crash_manager/command” in group “Session”
** Message: 09:50:09.193: settings.vala:540: Key file does not have key “crash_manager/dev_mode” in group “Session”
** Message: 09:50:09.193: settings.vala:540: Key file does not have key “crash_manager/timeout” in group “Session”
** Message: 09:50:09.194: settings.vala:540: Key file does not have key “upstart_user_session” in group “Session”
** Message: 09:50:09.195: settings.vala:540: Key file does not have key “proxy_manager/http” in group “Session”
** Message: 09:50:09.204: settings.vala:540: Key file does not have key “a11y/command” in group “Session”
** Message: 09:50:09.205: settings.vala:540: Key file does not have key “xrandr/command” in group “Session”
** Message: 09:50:09.206: settings.vala:540: Key file does not have key “network_gui/command” in group “Session”
** Message: 09:50:09.206: settings.vala:540: Key file does not have key “webbrowser/command” in group “Session”
** Message: 09:50:09.207: settings.vala:540: Key file does not have key “email/command” in group “Session”
** Message: 09:50:09.208: settings.vala:540: Key file does not have key “pdf_reader/command” in group “Session”
** Message: 09:50:09.208: settings.vala:540: Key file does not have key “video_player/command” in group “Session”
** Message: 09:50:09.209: settings.vala:540: Key file does not have key “audio_player/command” in group “Session”
** Message: 09:50:09.210: settings.vala:540: Key file does not have key “image_display/command” in group “Session”
** Message: 09:50:09.210: settings.vala:540: Key file does not have key “text_editor/command” in group “Session”
** Message: 09:50:09.211: settings.vala:540: Key file does not have key “archive/command” in group “Session”
** Message: 09:50:09.212: settings.vala:540: Key file does not have key “charmap/command” in group “Session”
** Message: 09:50:09.212: settings.vala:540: Key file does not have key “calculator/command” in group “Session”
** Message: 09:50:09.213: settings.vala:540: Key file does not have key “spreadsheet/command” in group “Session”
** Message: 09:50:09.214: settings.vala:540: Key file does not have key “bittorent/command” in group “Session”
** Message: 09:50:09.214: settings.vala:540: Key file does not have key “document/command” in group “Session”
** Message: 09:50:09.215: settings.vala:540: Key file does not have key “webcam/command” in group “Session”
** Message: 09:50:09.232: settings.vala:540: Key file does not have key “burn/command” in group “Session”
** Message: 09:50:09.236: settings.vala:540: Key file does not have key “notes/command” in group “Session”
** Message: 09:50:09.247: settings.vala:540: Key file does not have key “disk_utility/command” in group “Session”
** Message: 09:50:09.247: settings.vala:540: Key file does not have key “tasks/command” in group “Session”
** Message: 09:50:09.248: settings.vala:540: Key file does not have group “Keymap”
** Message: 09:50:09.249: settings.vala:540: Key file does not have key “laptop_mode” in group “State”
** Message: 09:50:09.249: settings.vala:540: Key file does not have key “gnome” in group “Dbus”
** Message: 09:50:09.250: settings.vala:540: Key file does not have key “type” in group “Environment”
** Message: 09:50:09.251: settings.vala:540: Key file does not have key “ubuntu_menuproxy” in group “Environment”
** Message: 09:50:09.251: settings.vala:540: Key file does not have key “toolkit_integration” in group “Environment”
** Message: 09:50:09.252: settings.vala:540: Key file does not have key “gtk/overlay_scrollbar_disable” in group “Environment”
** Message: 09:50:09.253: settings.vala:540: Key file does not have key “qt/force_theme” in group “Environment”
** Message: 09:50:09.254: settings.vala:540: Key file does not have key “qt/platform” in group “Environment”
** Message: 09:50:09.272: settings.vala:462: Monitoring: /etc/xdg/lxsession/LXDE-pi/desktop.conf
** Message: 09:50:09.273: settings.vala:470: Desktop file is not in config home, monitoring creation of it
** Message: 09:50:09.286: settings.vala:485: Monitoring home path: /home/pi/.config/lxsession/LXDE-pi/desktop.conf
** Message: 09:50:09.288: environement.vala:79: Exporting variable
** Message: 09:50:09.288: environement.vala:80: desktop_environnement XDG_CURRENT_DESKTOP
** Message: 09:50:09.289: environement.vala:177: custom_config :
** Message: 09:50:09.289: environement.vala:178: config_dirs :/etc/xdg
** Message: 09:50:09.290: environement.vala:179: confir_dirs not null, export : /etc/xdg
** Message: 09:50:09.290: environement.vala:184: Exporting XDG_CONFIG_DIRS
** Message: 09:50:09.291: environement.vala:218: custom_data :
** Message: 09:50:09.291: environement.vala:219: data_dirs :/usr/share/fkms:/usr/local/share:/usr/share/raspi-ui-overrides:/usr/share:/usr/share/gdm:/var/lib/menu-xdg
** Message: 09:50:09.292: environement.vala:220: data_dirs not null, export : /usr/share/fkms:/usr/local/share:/usr/share/raspi-ui-overrides:/usr/share:/usr/share/gdm:/var/lib/menu-xdg
** Message: 09:50:09.292: environement.vala:225: Exporting XDG_DATA_DIRS
** Message: 09:50:09.293: utils.vala:39: Config system location : /etc/xdg/lxsession/LXDE-pi
** Message: 09:50:09.293: utils.vala:45: System system path location : /etc/xdg/lxsession/LXDE-pi/desktop.conf

** (lxsession:524): WARNING **: 09:50:09.356: utils.vala:70: No such file or directory
** Message: 09:50:09.357: environement.vala:254: No entry in [Environment_variable]. Key file does not have group “Environment_variable”

** (lxsession:524): WARNING **: 09:50:09.433: process.vala:49: Failed to execute child process “xprop” (No such file or directory)

** (lxsession:524): WARNING **: 09:50:09.434: process.vala:50: Error when launching xprop
** Message: 09:50:09.435: utils.vala:138: Config system location : /etc/xdg/lxsession/LXDE-pi
** Message: 09:50:09.435: utils.vala:144: System system path location : /etc/xdg/lxsession/LXDE-pi/conffiles.conf
** Message: 09:50:09.440: utils.vala:148: Final file used : /etc/xdg/lxsession/LXDE-pi/conffiles.conf
** Message: 09:50:09.441: options.vala:164: Activate xsettings_manager build-in
** Message: 09:50:09.441: utils.vala:39: Config system location : /etc/xdg/lxsession/LXDE-pi
** Message: 09:50:09.442: utils.vala:45: System system path location : /etc/xdg/lxsession/LXDE-pi/desktop.conf

** (lxsession:524): WARNING **: 09:50:09.444: utils.vala:70: No such file or directory
** Message: 09:50:09.619: app.vala:728: polkit separate
** Message: 09:50:09.620: app.vala:728: polkit separate
** Message: 09:50:09.721: app.vala:76: Launching lxpolkit 
** Message: 09:50:09.722: utils.vala:138: Config system location : /etc/xdg/lxsession/LXDE-pi
** Message: 09:50:09.723: utils.vala:144: System system path location : /etc/xdg/lxsession/LXDE-pi/autostart
** Message: 09:50:09.723: utils.vala:148: Final file used : /etc/xdg/lxsession/LXDE-pi/autostart
** Message: 09:50:09.724: autostart.vala:42: Autostart path : /etc/xdg/lxsession/LXDE-pi/autostart
** Message: 09:50:09.841: app.vala:76: Launching lxpanel 
** Message: 09:50:09.924: app.vala:76: Launching pcmanfm 

** (lxsession:524): WARNING **: 09:50:10.021: app.vala:86: Failed to execute child process “xscreensaver” (No such file or directory)

** (lxsession:524): WARNING **: 09:50:10.021: app.vala:87: Error when launching xscreensaver
** Message: 09:50:10.102: options.vala:107: Create build-in Clipboard
** Message: 09:50:10.136: main.vala:450: Check keymap_mode (null)
** Message: 09:50:10.232: app.vala:76: Launching /usr/bin/ssh-agent 
SSH_AUTH_SOCK=/tmp/ssh-4Yeoi5x0OLbY/agent.634; export SSH_AUTH_SOCK;
SSH_AGENT_PID=648; export SSH_AGENT_PID;
echo Agent pid 648;
** Message: 09:50:11.602: app.vala:130: /usr/bin/ssh-agent exit with this type of exit: 0
Openbox-Message: Unable to find a valid menu file "/usr/share/lxde/openbox/menu.xml"
** Message: 09:50:31.200: x-terminal-emulator has very limited support, consider choosing another terminal
** Message: 09:50:36.237: x-terminal-emulator has very limited support, consider choosing another terminal
grep: /home/pi/.config/lxpanel/LXDE-pi/panels/*: No such file or directory
** Message: 09:50:54.626: netman: network manager service not running; plugin hidden
** Message: 09:50:55.066: Connecting ...
** Message: 09:50:55.067: Status changed to down

** (lxpanel:628): CRITICAL **: 09:50:55.069: dhcpcd_open: Inappropriate ioctl for device
** Message: 09:50:57.448: ptbatt: battery 0 not found
** Message: 09:50:57.776: Status changed to opened
** Message: 09:50:57.777: Connected to dhcpcd-8.1.2
** Message: 09:50:57.781: Status changed to connected
** Message: 09:50:57.781: eth0: CARRIER
** Message: 09:50:57.782: eth0: Configured 169.254.234.20/16
** Message: 09:50:59.877: up: Checking for updates
** Message: 09:52:15.604: up: Error updating cache - E: Could not get lock /var/lib/apt/lists/lock. It is held by process 811 (apt-get)
W: Be aware that removing the lock file is not a solution and may break your system.
E: Unable to lock directory /var/lib/apt/lists/

grep: /sys/class/leds/led0/trigger: No such file or directory
grep: /sys/class/leds/led0/trigger: No such file or directory
grep: /sys/class/leds/led0/trigger: No such file or directory
grep: /sys/class/leds/led0/trigger: No such file or directory
